<?xml version="1.0" encoding="UTF-8"?><testrun name="cis-613" project="cis-613" tests="47" started="47" failures="2" errors="0" ignored="2">
  <testsuite name="junit.demo.JUnitDemo1" time="0.002" displayname="JUnit 5 Demo - Basic Tests" uniqueid="[engine:junit-jupiter]/[class:junit.demo.JUnitDemo1]">
    <testcase name="testAdd" classname="junit.demo.JUnitDemo1" time="0.002" displayname="Test for add method" uniqueid="[engine:junit-jupiter]/[class:junit.demo.JUnitDemo1]/[method:testAdd()]"/>
    <testcase name="test_div" classname="junit.demo.JUnitDemo1" time="0.0" displayname="test_div()" uniqueid="[engine:junit-jupiter]/[class:junit.demo.JUnitDemo1]/[method:test_div()]"/>
    <testcase name="test_mul" classname="junit.demo.JUnitDemo1" time="0.0" displayname="test_mul()" uniqueid="[engine:junit-jupiter]/[class:junit.demo.JUnitDemo1]/[method:test_mul()]"/>
    <testcase name="test_sub" classname="junit.demo.JUnitDemo1" time="0.0" displayname="test_sub()" uniqueid="[engine:junit-jupiter]/[class:junit.demo.JUnitDemo1]/[method:test_sub()]"/>
    <testcase name="test_xyz" classname="junit.demo.JUnitDemo1" time="0.0" ignored="true" displayname="test_xyz()" uniqueid="[engine:junit-jupiter]/[class:junit.demo.JUnitDemo1]/[method:test_xyz()]"/>
  </testsuite>
  <testsuite name="junit.demo.JUnitDemo2" time="0.1" displayname="JUnit 5 Demo - Exceptions, Timeout, Repeated Tests" uniqueid="[engine:junit-jupiter]/[class:junit.demo.JUnitDemo2]">
    <testsuite name="test_repeated(junit.demo.JUnitDemo2)" time="0.007" displayname="test_repeated()" uniqueid="[engine:junit-jupiter]/[class:junit.demo.JUnitDemo2]/[test-template:test_repeated()]">
      <testcase name="test_repeated" classname="junit.demo.JUnitDemo2" time="0.007" dynamicTest="true" displayname="repetition 1 of 5" uniqueid="[engine:junit-jupiter]/[class:junit.demo.JUnitDemo2]/[test-template:test_repeated()]/[test-template-invocation:#1]"/>
      <testcase name="test_repeated" classname="junit.demo.JUnitDemo2" time="0.005" dynamicTest="true" displayname="repetition 2 of 5" uniqueid="[engine:junit-jupiter]/[class:junit.demo.JUnitDemo2]/[test-template:test_repeated()]/[test-template-invocation:#2]"/>
      <testcase name="test_repeated" classname="junit.demo.JUnitDemo2" time="0.004" dynamicTest="true" displayname="repetition 3 of 5" uniqueid="[engine:junit-jupiter]/[class:junit.demo.JUnitDemo2]/[test-template:test_repeated()]/[test-template-invocation:#3]"/>
      <testcase name="test_repeated" classname="junit.demo.JUnitDemo2" time="0.004" dynamicTest="true" displayname="repetition 4 of 5" uniqueid="[engine:junit-jupiter]/[class:junit.demo.JUnitDemo2]/[test-template:test_repeated()]/[test-template-invocation:#4]"/>
      <testcase name="test_repeated" classname="junit.demo.JUnitDemo2" time="0.003" dynamicTest="true" displayname="repetition 5 of 5" uniqueid="[engine:junit-jupiter]/[class:junit.demo.JUnitDemo2]/[test-template:test_repeated()]/[test-template-invocation:#5]"/>
    </testsuite>
    <testcase name="test_timing1" classname="junit.demo.JUnitDemo2" time="0.01" displayname="test_timing1()" uniqueid="[engine:junit-jupiter]/[class:junit.demo.JUnitDemo2]/[method:test_timing1()]"/>
    <testcase name="test_timing2" classname="junit.demo.JUnitDemo2" time="0.005" displayname="test_timing2()" uniqueid="[engine:junit-jupiter]/[class:junit.demo.JUnitDemo2]/[method:test_timing2()]"/>
    <testcase name="test_timing3" classname="junit.demo.JUnitDemo2" time="0.037" displayname="test_timing3()" uniqueid="[engine:junit-jupiter]/[class:junit.demo.JUnitDemo2]/[method:test_timing3()]">
      <failure>org.opentest4j.AssertionFailedError: execution exceeded timeout of 10 ms by 6 ms&#13;
	at org.junit.jupiter.api.AssertionUtils.fail(AssertionUtils.java:39)&#13;
	at org.junit.jupiter.api.Assertions.fail(Assertions.java:109)&#13;
	at org.junit.jupiter.api.AssertTimeout.assertTimeout(AssertTimeout.java:86)&#13;
	at org.junit.jupiter.api.AssertTimeout.assertTimeout(AssertTimeout.java:66)&#13;
	at org.junit.jupiter.api.AssertTimeout.assertTimeout(AssertTimeout.java:48)&#13;
	at org.junit.jupiter.api.AssertTimeout.assertTimeout(AssertTimeout.java:44)&#13;
	at org.junit.jupiter.api.Assertions.assertTimeout(Assertions.java:3131)&#13;
	at junit.demo.JUnitDemo2.test_timing3(JUnitDemo2.java:49)&#13;
	at sun.reflect.NativeMethodAccessorImpl.invoke0(Native Method)&#13;
	at sun.reflect.NativeMethodAccessorImpl.invoke(Unknown Source)&#13;
	at sun.reflect.DelegatingMethodAccessorImpl.invoke(Unknown Source)&#13;
	at java.lang.reflect.Method.invoke(Unknown Source)&#13;
	at org.junit.platform.commons.util.ReflectionUtils.invokeMethod(ReflectionUtils.java:675)&#13;
	at org.junit.jupiter.engine.execution.MethodInvocation.proceed(MethodInvocation.java:60)&#13;
	at org.junit.jupiter.engine.execution.InvocationInterceptorChain$ValidatingInvocation.proceed(InvocationInterceptorChain.java:125)&#13;
	at org.junit.jupiter.engine.extension.TimeoutExtension.intercept(TimeoutExtension.java:132)&#13;
	at org.junit.jupiter.engine.extension.TimeoutExtension.interceptTestableMethod(TimeoutExtension.java:124)&#13;
	at org.junit.jupiter.engine.extension.TimeoutExtension.interceptTestMethod(TimeoutExtension.java:74)&#13;
	at org.junit.jupiter.engine.execution.ExecutableInvoker$ReflectiveInterceptorCall.lambda$ofVoidMethod$0(ExecutableInvoker.java:115)&#13;
	at org.junit.jupiter.engine.execution.ExecutableInvoker.lambda$invoke$0(ExecutableInvoker.java:105)&#13;
	at org.junit.jupiter.engine.execution.InvocationInterceptorChain$InterceptedInvocation.proceed(InvocationInterceptorChain.java:104)&#13;
	at org.junit.jupiter.engine.execution.InvocationInterceptorChain.proceed(InvocationInterceptorChain.java:62)&#13;
	at org.junit.jupiter.engine.execution.InvocationInterceptorChain.chainAndInvoke(InvocationInterceptorChain.java:43)&#13;
	at org.junit.jupiter.engine.execution.InvocationInterceptorChain.invoke(InvocationInterceptorChain.java:35)&#13;
	at org.junit.jupiter.engine.execution.ExecutableInvoker.invoke(ExecutableInvoker.java:104)&#13;
	at org.junit.jupiter.engine.execution.ExecutableInvoker.invoke(ExecutableInvoker.java:98)&#13;
	at org.junit.jupiter.engine.descriptor.TestMethodTestDescriptor.lambda$invokeTestMethod$6(TestMethodTestDescriptor.java:202)&#13;
	at org.junit.platform.engine.support.hierarchical.ThrowableCollector.execute(ThrowableCollector.java:73)&#13;
	at org.junit.jupiter.engine.descriptor.TestMethodTestDescriptor.invokeTestMethod(TestMethodTestDescriptor.java:198)&#13;
	at org.junit.jupiter.engine.descriptor.TestMethodTestDescriptor.execute(TestMethodTestDescriptor.java:135)&#13;
	at org.junit.jupiter.engine.descriptor.TestMethodTestDescriptor.execute(TestMethodTestDescriptor.java:69)&#13;
	at org.junit.platform.engine.support.hierarchical.NodeTestTask.lambda$executeRecursively$5(NodeTestTask.java:135)&#13;
	at org.junit.platform.engine.support.hierarchical.ThrowableCollector.execute(ThrowableCollector.java:73)&#13;
	at org.junit.platform.engine.support.hierarchical.NodeTestTask.lambda$executeRecursively$7(NodeTestTask.java:125)&#13;
	at org.junit.platform.engine.support.hierarchical.Node.around(Node.java:135)&#13;
	at org.junit.platform.engine.support.hierarchical.NodeTestTask.lambda$executeRecursively$8(NodeTestTask.java:123)&#13;
	at org.junit.platform.engine.support.hierarchical.ThrowableCollector.execute(ThrowableCollector.java:73)&#13;
	at org.junit.platform.engine.support.hierarchical.NodeTestTask.executeRecursively(NodeTestTask.java:122)&#13;
	at org.junit.platform.engine.support.hierarchical.NodeTestTask.execute(NodeTestTask.java:80)&#13;
	at java.util.ArrayList.forEach(Unknown Source)&#13;
	at org.junit.platform.engine.support.hierarchical.SameThreadHierarchicalTestExecutorService.invokeAll(SameThreadHierarchicalTestExecutorService.java:38)&#13;
	at org.junit.platform.engine.support.hierarchical.NodeTestTask.lambda$executeRecursively$5(NodeTestTask.java:139)&#13;
	at org.junit.platform.engine.support.hierarchical.ThrowableCollector.execute(ThrowableCollector.java:73)&#13;
	at org.junit.platform.engine.support.hierarchical.NodeTestTask.lambda$executeRecursively$7(NodeTestTask.java:125)&#13;
	at org.junit.platform.engine.support.hierarchical.Node.around(Node.java:135)&#13;
	at org.junit.platform.engine.support.hierarchical.NodeTestTask.lambda$executeRecursively$8(NodeTestTask.java:123)&#13;
	at org.junit.platform.engine.support.hierarchical.ThrowableCollector.execute(ThrowableCollector.java:73)&#13;
	at org.junit.platform.engine.support.hierarchical.NodeTestTask.executeRecursively(NodeTestTask.java:122)&#13;
	at org.junit.platform.engine.support.hierarchical.NodeTestTask.execute(NodeTestTask.java:80)&#13;
	at java.util.ArrayList.forEach(Unknown Source)&#13;
	at org.junit.platform.engine.support.hierarchical.SameThreadHierarchicalTestExecutorService.invokeAll(SameThreadHierarchicalTestExecutorService.java:38)&#13;
	at org.junit.platform.engine.support.hierarchical.NodeTestTask.lambda$executeRecursively$5(NodeTestTask.java:139)&#13;
	at org.junit.platform.engine.support.hierarchical.ThrowableCollector.execute(ThrowableCollector.java:73)&#13;
	at org.junit.platform.engine.support.hierarchical.NodeTestTask.lambda$executeRecursively$7(NodeTestTask.java:125)&#13;
	at org.junit.platform.engine.support.hierarchical.Node.around(Node.java:135)&#13;
	at org.junit.platform.engine.support.hierarchical.NodeTestTask.lambda$executeRecursively$8(NodeTestTask.java:123)&#13;
	at org.junit.platform.engine.support.hierarchical.ThrowableCollector.execute(ThrowableCollector.java:73)&#13;
	at org.junit.platform.engine.support.hierarchical.NodeTestTask.executeRecursively(NodeTestTask.java:122)&#13;
	at org.junit.platform.engine.support.hierarchical.NodeTestTask.execute(NodeTestTask.java:80)&#13;
	at org.junit.platform.engine.support.hierarchical.SameThreadHierarchicalTestExecutorService.submit(SameThreadHierarchicalTestExecutorService.java:32)&#13;
	at org.junit.platform.engine.support.hierarchical.HierarchicalTestExecutor.execute(HierarchicalTestExecutor.java:57)&#13;
	at org.junit.platform.engine.support.hierarchical.HierarchicalTestEngine.execute(HierarchicalTestEngine.java:51)&#13;
	at org.junit.platform.launcher.core.DefaultLauncher.execute(DefaultLauncher.java:229)&#13;
	at org.junit.platform.launcher.core.DefaultLauncher.lambda$execute$6(DefaultLauncher.java:197)&#13;
	at org.junit.platform.launcher.core.DefaultLauncher.withInterceptedStreams(DefaultLauncher.java:211)&#13;
	at org.junit.platform.launcher.core.DefaultLauncher.execute(DefaultLauncher.java:191)&#13;
	at org.junit.platform.launcher.core.DefaultLauncher.execute(DefaultLauncher.java:137)&#13;
	at org.eclipse.jdt.internal.junit5.runner.JUnit5TestReference.run(JUnit5TestReference.java:89)&#13;
	at org.eclipse.jdt.internal.junit.runner.TestExecution.run(TestExecution.java:41)&#13;
	at org.eclipse.jdt.internal.junit.runner.RemoteTestRunner.runTests(RemoteTestRunner.java:542)&#13;
	at org.eclipse.jdt.internal.junit.runner.RemoteTestRunner.runTests(RemoteTestRunner.java:770)&#13;
	at org.eclipse.jdt.internal.junit.runner.RemoteTestRunner.run(RemoteTestRunner.java:464)&#13;
	at org.eclipse.jdt.internal.junit.runner.RemoteTestRunner.main(RemoteTestRunner.java:210)&#13;
&#13;
</failure>
    </testcase>
    <testcase name="test_exception1" classname="junit.demo.JUnitDemo2" time="0.005" displayname="test_exception1()" uniqueid="[engine:junit-jupiter]/[class:junit.demo.JUnitDemo2]/[method:test_exception1()]"/>
    <testcase name="test_exception2" classname="junit.demo.JUnitDemo2" time="0.002" displayname="test_exception2()" uniqueid="[engine:junit-jupiter]/[class:junit.demo.JUnitDemo2]/[method:test_exception2()]"/>
    <testcase name="test_exception3" classname="junit.demo.JUnitDemo2" time="0.005" displayname="test_exception3()" uniqueid="[engine:junit-jupiter]/[class:junit.demo.JUnitDemo2]/[method:test_exception3()]">
      <failure>org.opentest4j.AssertionFailedError: Expected java.lang.NumberFormatException to be thrown, but nothing was thrown.&#13;
	at org.junit.jupiter.api.AssertThrows.assertThrows(AssertThrows.java:71)&#13;
	at org.junit.jupiter.api.AssertThrows.assertThrows(AssertThrows.java:37)&#13;
	at org.junit.jupiter.api.Assertions.assertThrows(Assertions.java:2952)&#13;
	at junit.demo.JUnitDemo2.test_exception3(JUnitDemo2.java:28)&#13;
	at sun.reflect.NativeMethodAccessorImpl.invoke0(Native Method)&#13;
	at sun.reflect.NativeMethodAccessorImpl.invoke(Unknown Source)&#13;
	at sun.reflect.DelegatingMethodAccessorImpl.invoke(Unknown Source)&#13;
	at java.lang.reflect.Method.invoke(Unknown Source)&#13;
	at org.junit.platform.commons.util.ReflectionUtils.invokeMethod(ReflectionUtils.java:675)&#13;
	at org.junit.jupiter.engine.execution.MethodInvocation.proceed(MethodInvocation.java:60)&#13;
	at org.junit.jupiter.engine.execution.InvocationInterceptorChain$ValidatingInvocation.proceed(InvocationInterceptorChain.java:125)&#13;
	at org.junit.jupiter.engine.extension.TimeoutExtension.intercept(TimeoutExtension.java:132)&#13;
	at org.junit.jupiter.engine.extension.TimeoutExtension.interceptTestableMethod(TimeoutExtension.java:124)&#13;
	at org.junit.jupiter.engine.extension.TimeoutExtension.interceptTestMethod(TimeoutExtension.java:74)&#13;
	at org.junit.jupiter.engine.execution.ExecutableInvoker$ReflectiveInterceptorCall.lambda$ofVoidMethod$0(ExecutableInvoker.java:115)&#13;
	at org.junit.jupiter.engine.execution.ExecutableInvoker.lambda$invoke$0(ExecutableInvoker.java:105)&#13;
	at org.junit.jupiter.engine.execution.InvocationInterceptorChain$InterceptedInvocation.proceed(InvocationInterceptorChain.java:104)&#13;
	at org.junit.jupiter.engine.execution.InvocationInterceptorChain.proceed(InvocationInterceptorChain.java:62)&#13;
	at org.junit.jupiter.engine.execution.InvocationInterceptorChain.chainAndInvoke(InvocationInterceptorChain.java:43)&#13;
	at org.junit.jupiter.engine.execution.InvocationInterceptorChain.invoke(InvocationInterceptorChain.java:35)&#13;
	at org.junit.jupiter.engine.execution.ExecutableInvoker.invoke(ExecutableInvoker.java:104)&#13;
	at org.junit.jupiter.engine.execution.ExecutableInvoker.invoke(ExecutableInvoker.java:98)&#13;
	at org.junit.jupiter.engine.descriptor.TestMethodTestDescriptor.lambda$invokeTestMethod$6(TestMethodTestDescriptor.java:202)&#13;
	at org.junit.platform.engine.support.hierarchical.ThrowableCollector.execute(ThrowableCollector.java:73)&#13;
	at org.junit.jupiter.engine.descriptor.TestMethodTestDescriptor.invokeTestMethod(TestMethodTestDescriptor.java:198)&#13;
	at org.junit.jupiter.engine.descriptor.TestMethodTestDescriptor.execute(TestMethodTestDescriptor.java:135)&#13;
	at org.junit.jupiter.engine.descriptor.TestMethodTestDescriptor.execute(TestMethodTestDescriptor.java:69)&#13;
	at org.junit.platform.engine.support.hierarchical.NodeTestTask.lambda$executeRecursively$5(NodeTestTask.java:135)&#13;
	at org.junit.platform.engine.support.hierarchical.ThrowableCollector.execute(ThrowableCollector.java:73)&#13;
	at org.junit.platform.engine.support.hierarchical.NodeTestTask.lambda$executeRecursively$7(NodeTestTask.java:125)&#13;
	at org.junit.platform.engine.support.hierarchical.Node.around(Node.java:135)&#13;
	at org.junit.platform.engine.support.hierarchical.NodeTestTask.lambda$executeRecursively$8(NodeTestTask.java:123)&#13;
	at org.junit.platform.engine.support.hierarchical.ThrowableCollector.execute(ThrowableCollector.java:73)&#13;
	at org.junit.platform.engine.support.hierarchical.NodeTestTask.executeRecursively(NodeTestTask.java:122)&#13;
	at org.junit.platform.engine.support.hierarchical.NodeTestTask.execute(NodeTestTask.java:80)&#13;
	at java.util.ArrayList.forEach(Unknown Source)&#13;
	at org.junit.platform.engine.support.hierarchical.SameThreadHierarchicalTestExecutorService.invokeAll(SameThreadHierarchicalTestExecutorService.java:38)&#13;
	at org.junit.platform.engine.support.hierarchical.NodeTestTask.lambda$executeRecursively$5(NodeTestTask.java:139)&#13;
	at org.junit.platform.engine.support.hierarchical.ThrowableCollector.execute(ThrowableCollector.java:73)&#13;
	at org.junit.platform.engine.support.hierarchical.NodeTestTask.lambda$executeRecursively$7(NodeTestTask.java:125)&#13;
	at org.junit.platform.engine.support.hierarchical.Node.around(Node.java:135)&#13;
	at org.junit.platform.engine.support.hierarchical.NodeTestTask.lambda$executeRecursively$8(NodeTestTask.java:123)&#13;
	at org.junit.platform.engine.support.hierarchical.ThrowableCollector.execute(ThrowableCollector.java:73)&#13;
	at org.junit.platform.engine.support.hierarchical.NodeTestTask.executeRecursively(NodeTestTask.java:122)&#13;
	at org.junit.platform.engine.support.hierarchical.NodeTestTask.execute(NodeTestTask.java:80)&#13;
	at java.util.ArrayList.forEach(Unknown Source)&#13;
	at org.junit.platform.engine.support.hierarchical.SameThreadHierarchicalTestExecutorService.invokeAll(SameThreadHierarchicalTestExecutorService.java:38)&#13;
	at org.junit.platform.engine.support.hierarchical.NodeTestTask.lambda$executeRecursively$5(NodeTestTask.java:139)&#13;
	at org.junit.platform.engine.support.hierarchical.ThrowableCollector.execute(ThrowableCollector.java:73)&#13;
	at org.junit.platform.engine.support.hierarchical.NodeTestTask.lambda$executeRecursively$7(NodeTestTask.java:125)&#13;
	at org.junit.platform.engine.support.hierarchical.Node.around(Node.java:135)&#13;
	at org.junit.platform.engine.support.hierarchical.NodeTestTask.lambda$executeRecursively$8(NodeTestTask.java:123)&#13;
	at org.junit.platform.engine.support.hierarchical.ThrowableCollector.execute(ThrowableCollector.java:73)&#13;
	at org.junit.platform.engine.support.hierarchical.NodeTestTask.executeRecursively(NodeTestTask.java:122)&#13;
	at org.junit.platform.engine.support.hierarchical.NodeTestTask.execute(NodeTestTask.java:80)&#13;
	at org.junit.platform.engine.support.hierarchical.SameThreadHierarchicalTestExecutorService.submit(SameThreadHierarchicalTestExecutorService.java:32)&#13;
	at org.junit.platform.engine.support.hierarchical.HierarchicalTestExecutor.execute(HierarchicalTestExecutor.java:57)&#13;
	at org.junit.platform.engine.support.hierarchical.HierarchicalTestEngine.execute(HierarchicalTestEngine.java:51)&#13;
	at org.junit.platform.launcher.core.DefaultLauncher.execute(DefaultLauncher.java:229)&#13;
	at org.junit.platform.launcher.core.DefaultLauncher.lambda$execute$6(DefaultLauncher.java:197)&#13;
	at org.junit.platform.launcher.core.DefaultLauncher.withInterceptedStreams(DefaultLauncher.java:211)&#13;
	at org.junit.platform.launcher.core.DefaultLauncher.execute(DefaultLauncher.java:191)&#13;
	at org.junit.platform.launcher.core.DefaultLauncher.execute(DefaultLauncher.java:137)&#13;
	at org.eclipse.jdt.internal.junit5.runner.JUnit5TestReference.run(JUnit5TestReference.java:89)&#13;
	at org.eclipse.jdt.internal.junit.runner.TestExecution.run(TestExecution.java:41)&#13;
	at org.eclipse.jdt.internal.junit.runner.RemoteTestRunner.runTests(RemoteTestRunner.java:542)&#13;
	at org.eclipse.jdt.internal.junit.runner.RemoteTestRunner.runTests(RemoteTestRunner.java:770)&#13;
	at org.eclipse.jdt.internal.junit.runner.RemoteTestRunner.run(RemoteTestRunner.java:464)&#13;
	at org.eclipse.jdt.internal.junit.runner.RemoteTestRunner.main(RemoteTestRunner.java:210)&#13;
&#13;
</failure>
    </testcase>
    <testcase name="test_exception4" classname="junit.demo.JUnitDemo2" time="0.012" displayname="test_exception4()" uniqueid="[engine:junit-jupiter]/[class:junit.demo.JUnitDemo2]/[method:test_exception4()]"/>
  </testsuite>
  <testsuite name="junit.demo.JUnitDemo3" time="0.014" displayname="JUnit 5 Demo - Assumptions and Conditional Testing" uniqueid="[engine:junit-jupiter]/[class:junit.demo.JUnitDemo3]">
    <testcase name="testOnCondition1" classname="junit.demo.JUnitDemo3" time="0.002" ignored="true" displayname="testOnCondition1()" uniqueid="[engine:junit-jupiter]/[class:junit.demo.JUnitDemo3]/[method:testOnCondition1()]"/>
    <testcase name="testOnCondition2" classname="junit.demo.JUnitDemo3" time="0.002" displayname="testOnCondition2()" uniqueid="[engine:junit-jupiter]/[class:junit.demo.JUnitDemo3]/[method:testOnCondition2()]"/>
    <testcase name="testOnAssumption1" classname="junit.demo.JUnitDemo3" time="0.004" displayname="testOnAssumption1()" uniqueid="[engine:junit-jupiter]/[class:junit.demo.JUnitDemo3]/[method:testOnAssumption1()]"/>
    <testcase name="testOnAssumption2" classname="junit.demo.JUnitDemo3" time="0.006" displayname="testOnAssumption2()" uniqueid="[engine:junit-jupiter]/[class:junit.demo.JUnitDemo3]/[method:testOnAssumption2()]">
      <skipped>org.opentest4j.TestAbortedException: Assumption failed: assumption is not true&#13;
	at org.junit.jupiter.api.Assumptions.throwTestAbortedException(Assumptions.java:256)&#13;
	at org.junit.jupiter.api.Assumptions.assumeTrue(Assumptions.java:115)&#13;
	at org.junit.jupiter.api.Assumptions.assumeTrue(Assumptions.java:66)&#13;
	at junit.demo.JUnitDemo3.testOnAssumption2(JUnitDemo3.java:37)&#13;
	at sun.reflect.NativeMethodAccessorImpl.invoke0(Native Method)&#13;
	at sun.reflect.NativeMethodAccessorImpl.invoke(Unknown Source)&#13;
	at sun.reflect.DelegatingMethodAccessorImpl.invoke(Unknown Source)&#13;
	at java.lang.reflect.Method.invoke(Unknown Source)&#13;
	at org.junit.platform.commons.util.ReflectionUtils.invokeMethod(ReflectionUtils.java:675)&#13;
	at org.junit.jupiter.engine.execution.MethodInvocation.proceed(MethodInvocation.java:60)&#13;
	at org.junit.jupiter.engine.execution.InvocationInterceptorChain$ValidatingInvocation.proceed(InvocationInterceptorChain.java:125)&#13;
	at org.junit.jupiter.engine.extension.TimeoutExtension.intercept(TimeoutExtension.java:132)&#13;
	at org.junit.jupiter.engine.extension.TimeoutExtension.interceptTestableMethod(TimeoutExtension.java:124)&#13;
	at org.junit.jupiter.engine.extension.TimeoutExtension.interceptTestMethod(TimeoutExtension.java:74)&#13;
	at org.junit.jupiter.engine.execution.ExecutableInvoker$ReflectiveInterceptorCall.lambda$ofVoidMethod$0(ExecutableInvoker.java:115)&#13;
	at org.junit.jupiter.engine.execution.ExecutableInvoker.lambda$invoke$0(ExecutableInvoker.java:105)&#13;
	at org.junit.jupiter.engine.execution.InvocationInterceptorChain$InterceptedInvocation.proceed(InvocationInterceptorChain.java:104)&#13;
	at org.junit.jupiter.engine.execution.InvocationInterceptorChain.proceed(InvocationInterceptorChain.java:62)&#13;
	at org.junit.jupiter.engine.execution.InvocationInterceptorChain.chainAndInvoke(InvocationInterceptorChain.java:43)&#13;
	at org.junit.jupiter.engine.execution.InvocationInterceptorChain.invoke(InvocationInterceptorChain.java:35)&#13;
	at org.junit.jupiter.engine.execution.ExecutableInvoker.invoke(ExecutableInvoker.java:104)&#13;
	at org.junit.jupiter.engine.execution.ExecutableInvoker.invoke(ExecutableInvoker.java:98)&#13;
	at org.junit.jupiter.engine.descriptor.TestMethodTestDescriptor.lambda$invokeTestMethod$6(TestMethodTestDescriptor.java:202)&#13;
	at org.junit.platform.engine.support.hierarchical.ThrowableCollector.execute(ThrowableCollector.java:73)&#13;
	at org.junit.jupiter.engine.descriptor.TestMethodTestDescriptor.invokeTestMethod(TestMethodTestDescriptor.java:198)&#13;
	at org.junit.jupiter.engine.descriptor.TestMethodTestDescriptor.execute(TestMethodTestDescriptor.java:135)&#13;
	at org.junit.jupiter.engine.descriptor.TestMethodTestDescriptor.execute(TestMethodTestDescriptor.java:69)&#13;
	at org.junit.platform.engine.support.hierarchical.NodeTestTask.lambda$executeRecursively$5(NodeTestTask.java:135)&#13;
	at org.junit.platform.engine.support.hierarchical.ThrowableCollector.execute(ThrowableCollector.java:73)&#13;
	at org.junit.platform.engine.support.hierarchical.NodeTestTask.lambda$executeRecursively$7(NodeTestTask.java:125)&#13;
	at org.junit.platform.engine.support.hierarchical.Node.around(Node.java:135)&#13;
	at org.junit.platform.engine.support.hierarchical.NodeTestTask.lambda$executeRecursively$8(NodeTestTask.java:123)&#13;
	at org.junit.platform.engine.support.hierarchical.ThrowableCollector.execute(ThrowableCollector.java:73)&#13;
	at org.junit.platform.engine.support.hierarchical.NodeTestTask.executeRecursively(NodeTestTask.java:122)&#13;
	at org.junit.platform.engine.support.hierarchical.NodeTestTask.execute(NodeTestTask.java:80)&#13;
	at java.util.ArrayList.forEach(Unknown Source)&#13;
	at org.junit.platform.engine.support.hierarchical.SameThreadHierarchicalTestExecutorService.invokeAll(SameThreadHierarchicalTestExecutorService.java:38)&#13;
	at org.junit.platform.engine.support.hierarchical.NodeTestTask.lambda$executeRecursively$5(NodeTestTask.java:139)&#13;
	at org.junit.platform.engine.support.hierarchical.ThrowableCollector.execute(ThrowableCollector.java:73)&#13;
	at org.junit.platform.engine.support.hierarchical.NodeTestTask.lambda$executeRecursively$7(NodeTestTask.java:125)&#13;
	at org.junit.platform.engine.support.hierarchical.Node.around(Node.java:135)&#13;
	at org.junit.platform.engine.support.hierarchical.NodeTestTask.lambda$executeRecursively$8(NodeTestTask.java:123)&#13;
	at org.junit.platform.engine.support.hierarchical.ThrowableCollector.execute(ThrowableCollector.java:73)&#13;
	at org.junit.platform.engine.support.hierarchical.NodeTestTask.executeRecursively(NodeTestTask.java:122)&#13;
	at org.junit.platform.engine.support.hierarchical.NodeTestTask.execute(NodeTestTask.java:80)&#13;
	at java.util.ArrayList.forEach(Unknown Source)&#13;
	at org.junit.platform.engine.support.hierarchical.SameThreadHierarchicalTestExecutorService.invokeAll(SameThreadHierarchicalTestExecutorService.java:38)&#13;
	at org.junit.platform.engine.support.hierarchical.NodeTestTask.lambda$executeRecursively$5(NodeTestTask.java:139)&#13;
	at org.junit.platform.engine.support.hierarchical.ThrowableCollector.execute(ThrowableCollector.java:73)&#13;
	at org.junit.platform.engine.support.hierarchical.NodeTestTask.lambda$executeRecursively$7(NodeTestTask.java:125)&#13;
	at org.junit.platform.engine.support.hierarchical.Node.around(Node.java:135)&#13;
	at org.junit.platform.engine.support.hierarchical.NodeTestTask.lambda$executeRecursively$8(NodeTestTask.java:123)&#13;
	at org.junit.platform.engine.support.hierarchical.ThrowableCollector.execute(ThrowableCollector.java:73)&#13;
	at org.junit.platform.engine.support.hierarchical.NodeTestTask.executeRecursively(NodeTestTask.java:122)&#13;
	at org.junit.platform.engine.support.hierarchical.NodeTestTask.execute(NodeTestTask.java:80)&#13;
	at org.junit.platform.engine.support.hierarchical.SameThreadHierarchicalTestExecutorService.submit(SameThreadHierarchicalTestExecutorService.java:32)&#13;
	at org.junit.platform.engine.support.hierarchical.HierarchicalTestExecutor.execute(HierarchicalTestExecutor.java:57)&#13;
	at org.junit.platform.engine.support.hierarchical.HierarchicalTestEngine.execute(HierarchicalTestEngine.java:51)&#13;
	at org.junit.platform.launcher.core.DefaultLauncher.execute(DefaultLauncher.java:229)&#13;
	at org.junit.platform.launcher.core.DefaultLauncher.lambda$execute$6(DefaultLauncher.java:197)&#13;
	at org.junit.platform.launcher.core.DefaultLauncher.withInterceptedStreams(DefaultLauncher.java:211)&#13;
	at org.junit.platform.launcher.core.DefaultLauncher.execute(DefaultLauncher.java:191)&#13;
	at org.junit.platform.launcher.core.DefaultLauncher.execute(DefaultLauncher.java:137)&#13;
	at org.eclipse.jdt.internal.junit5.runner.JUnit5TestReference.run(JUnit5TestReference.java:89)&#13;
	at org.eclipse.jdt.internal.junit.runner.TestExecution.run(TestExecution.java:41)&#13;
	at org.eclipse.jdt.internal.junit.runner.RemoteTestRunner.runTests(RemoteTestRunner.java:542)&#13;
	at org.eclipse.jdt.internal.junit.runner.RemoteTestRunner.runTests(RemoteTestRunner.java:770)&#13;
	at org.eclipse.jdt.internal.junit.runner.RemoteTestRunner.run(RemoteTestRunner.java:464)&#13;
	at org.eclipse.jdt.internal.junit.runner.RemoteTestRunner.main(RemoteTestRunner.java:210)&#13;
&#13;
</skipped>
    </testcase>
  </testsuite>
  <testsuite name="junit.demo.JUnitDemo4" time="0.137" displayname="JUnit 5 Demo - Parameterized Tests" uniqueid="[engine:junit-jupiter]/[class:junit.demo.JUnitDemo4]">
    <testsuite name="tests_for_add(junit.demo.JUnitDemo4)" time="0.052" displayname="tests_for_add(int, int)" parameters="int,int" uniqueid="[engine:junit-jupiter]/[class:junit.demo.JUnitDemo4]/[test-template:tests_for_add(int, int)]">
      <testcase name="tests_for_add" classname="junit.demo.JUnitDemo4" time="0.052" dynamicTest="true" displayname="[1] 5, 10" parameters="int,int" uniqueid="[engine:junit-jupiter]/[class:junit.demo.JUnitDemo4]/[test-template:tests_for_add(int, int)]/[test-template-invocation:#1]"/>
      <testcase name="tests_for_add" classname="junit.demo.JUnitDemo4" time="0.003" dynamicTest="true" displayname="[2] 10, 10" parameters="int,int" uniqueid="[engine:junit-jupiter]/[class:junit.demo.JUnitDemo4]/[test-template:tests_for_add(int, int)]/[test-template-invocation:#2]"/>
      <testcase name="tests_for_add" classname="junit.demo.JUnitDemo4" time="0.001" dynamicTest="true" displayname="[3] 5, 0" parameters="int,int" uniqueid="[engine:junit-jupiter]/[class:junit.demo.JUnitDemo4]/[test-template:tests_for_add(int, int)]/[test-template-invocation:#3]"/>
      <testcase name="tests_for_add" classname="junit.demo.JUnitDemo4" time="0.002" dynamicTest="true" displayname="[4] 5, 5" parameters="int,int" uniqueid="[engine:junit-jupiter]/[class:junit.demo.JUnitDemo4]/[test-template:tests_for_add(int, int)]/[test-template-invocation:#4]"/>
      <testcase name="tests_for_add" classname="junit.demo.JUnitDemo4" time="0.029" dynamicTest="true" displayname="[5] 10, -5" parameters="int,int" uniqueid="[engine:junit-jupiter]/[class:junit.demo.JUnitDemo4]/[test-template:tests_for_add(int, int)]/[test-template-invocation:#5]"/>
    </testsuite>
    <testsuite name="tests_for_mult(junit.demo.JUnitDemo4)" time="0.003" displayname="tests_for_mult(int, int)" parameters="int,int" uniqueid="[engine:junit-jupiter]/[class:junit.demo.JUnitDemo4]/[test-template:tests_for_mult(int, int)]">
      <testcase name="tests_for_mult" classname="junit.demo.JUnitDemo4" time="0.003" dynamicTest="true" displayname="[1] 5, 10" parameters="int,int" uniqueid="[engine:junit-jupiter]/[class:junit.demo.JUnitDemo4]/[test-template:tests_for_mult(int, int)]/[test-template-invocation:#1]"/>
      <testcase name="tests_for_mult" classname="junit.demo.JUnitDemo4" time="0.004" dynamicTest="true" displayname="[2] 10, 10" parameters="int,int" uniqueid="[engine:junit-jupiter]/[class:junit.demo.JUnitDemo4]/[test-template:tests_for_mult(int, int)]/[test-template-invocation:#2]"/>
      <testcase name="tests_for_mult" classname="junit.demo.JUnitDemo4" time="0.004" dynamicTest="true" displayname="[3] 5, 5" parameters="int,int" uniqueid="[engine:junit-jupiter]/[class:junit.demo.JUnitDemo4]/[test-template:tests_for_mult(int, int)]/[test-template-invocation:#3]"/>
      <testcase name="tests_for_mult" classname="junit.demo.JUnitDemo4" time="0.002" dynamicTest="true" displayname="[4] 10, -5" parameters="int,int" uniqueid="[engine:junit-jupiter]/[class:junit.demo.JUnitDemo4]/[test-template:tests_for_mult(int, int)]/[test-template-invocation:#4]"/>
      <testcase name="tests_for_mult" classname="junit.demo.JUnitDemo4" time="0.011" dynamicTest="true" displayname="[5] 5, 0" parameters="int,int" uniqueid="[engine:junit-jupiter]/[class:junit.demo.JUnitDemo4]/[test-template:tests_for_mult(int, int)]/[test-template-invocation:#5]"/>
    </testsuite>
    <testsuite name="tests_for_sub1(junit.demo.JUnitDemo4)" time="0.002" displayname="tests_for_sub1(int, int)" parameters="int,int" uniqueid="[engine:junit-jupiter]/[class:junit.demo.JUnitDemo4]/[test-template:tests_for_sub1(int, int)]">
      <testcase name="tests_for_sub1" classname="junit.demo.JUnitDemo4" time="0.002" dynamicTest="true" displayname="[1] 5, 10" parameters="int,int" uniqueid="[engine:junit-jupiter]/[class:junit.demo.JUnitDemo4]/[test-template:tests_for_sub1(int, int)]/[test-template-invocation:#1]"/>
      <testcase name="tests_for_sub1" classname="junit.demo.JUnitDemo4" time="0.002" dynamicTest="true" displayname="[2] 10, 10" parameters="int,int" uniqueid="[engine:junit-jupiter]/[class:junit.demo.JUnitDemo4]/[test-template:tests_for_sub1(int, int)]/[test-template-invocation:#2]"/>
      <testcase name="tests_for_sub1" classname="junit.demo.JUnitDemo4" time="0.003" dynamicTest="true" displayname="[3] 5, 0" parameters="int,int" uniqueid="[engine:junit-jupiter]/[class:junit.demo.JUnitDemo4]/[test-template:tests_for_sub1(int, int)]/[test-template-invocation:#3]"/>
      <testcase name="tests_for_sub1" classname="junit.demo.JUnitDemo4" time="0.01" dynamicTest="true" displayname="[4] 10, -5" parameters="int,int" uniqueid="[engine:junit-jupiter]/[class:junit.demo.JUnitDemo4]/[test-template:tests_for_sub1(int, int)]/[test-template-invocation:#4]"/>
    </testsuite>
    <testsuite name="tests_for_sub2(junit.demo.JUnitDemo4)" time="0.004" displayname="tests_for_sub2(int, int)" parameters="int,int" uniqueid="[engine:junit-jupiter]/[class:junit.demo.JUnitDemo4]/[test-template:tests_for_sub2(int, int)]">
      <testcase name="tests_for_sub2" classname="junit.demo.JUnitDemo4" time="0.004" dynamicTest="true" displayname="[1] 5, 20" parameters="int,int" uniqueid="[engine:junit-jupiter]/[class:junit.demo.JUnitDemo4]/[test-template:tests_for_sub2(int, int)]/[test-template-invocation:#1]"/>
      <testcase name="tests_for_sub2" classname="junit.demo.JUnitDemo4" time="0.004" dynamicTest="true" displayname="[2] 5, 30" parameters="int,int" uniqueid="[engine:junit-jupiter]/[class:junit.demo.JUnitDemo4]/[test-template:tests_for_sub2(int, int)]/[test-template-invocation:#2]"/>
      <testcase name="tests_for_sub2" classname="junit.demo.JUnitDemo4" time="0.003" dynamicTest="true" displayname="[3] 5, 35" parameters="int,int" uniqueid="[engine:junit-jupiter]/[class:junit.demo.JUnitDemo4]/[test-template:tests_for_sub2(int, int)]/[test-template-invocation:#3]"/>
      <testcase name="tests_for_sub2" classname="junit.demo.JUnitDemo4" time="0.004" dynamicTest="true" displayname="[4] 5, 40" parameters="int,int" uniqueid="[engine:junit-jupiter]/[class:junit.demo.JUnitDemo4]/[test-template:tests_for_sub2(int, int)]/[test-template-invocation:#4]"/>
      <testcase name="tests_for_sub2" classname="junit.demo.JUnitDemo4" time="0.002" dynamicTest="true" displayname="[5] 10, 20" parameters="int,int" uniqueid="[engine:junit-jupiter]/[class:junit.demo.JUnitDemo4]/[test-template:tests_for_sub2(int, int)]/[test-template-invocation:#5]"/>
      <testcase name="tests_for_sub2" classname="junit.demo.JUnitDemo4" time="0.003" dynamicTest="true" displayname="[6] 10, 30" parameters="int,int" uniqueid="[engine:junit-jupiter]/[class:junit.demo.JUnitDemo4]/[test-template:tests_for_sub2(int, int)]/[test-template-invocation:#6]"/>
      <testcase name="tests_for_sub2" classname="junit.demo.JUnitDemo4" time="0.004" dynamicTest="true" displayname="[7] 10, 35" parameters="int,int" uniqueid="[engine:junit-jupiter]/[class:junit.demo.JUnitDemo4]/[test-template:tests_for_sub2(int, int)]/[test-template-invocation:#7]"/>
      <testcase name="tests_for_sub2" classname="junit.demo.JUnitDemo4" time="0.002" dynamicTest="true" displayname="[8] 10, 40" parameters="int,int" uniqueid="[engine:junit-jupiter]/[class:junit.demo.JUnitDemo4]/[test-template:tests_for_sub2(int, int)]/[test-template-invocation:#8]"/>
      <testcase name="tests_for_sub2" classname="junit.demo.JUnitDemo4" time="0.004" dynamicTest="true" displayname="[9] 15, 20" parameters="int,int" uniqueid="[engine:junit-jupiter]/[class:junit.demo.JUnitDemo4]/[test-template:tests_for_sub2(int, int)]/[test-template-invocation:#9]"/>
      <testcase name="tests_for_sub2" classname="junit.demo.JUnitDemo4" time="0.008" dynamicTest="true" displayname="[10] 15, 30" parameters="int,int" uniqueid="[engine:junit-jupiter]/[class:junit.demo.JUnitDemo4]/[test-template:tests_for_sub2(int, int)]/[test-template-invocation:#10]"/>
      <testcase name="tests_for_sub2" classname="junit.demo.JUnitDemo4" time="0.006" dynamicTest="true" displayname="[11] 15, 35" parameters="int,int" uniqueid="[engine:junit-jupiter]/[class:junit.demo.JUnitDemo4]/[test-template:tests_for_sub2(int, int)]/[test-template-invocation:#11]"/>
      <testcase name="tests_for_sub2" classname="junit.demo.JUnitDemo4" time="0.013" dynamicTest="true" displayname="[12] 15, 40" parameters="int,int" uniqueid="[engine:junit-jupiter]/[class:junit.demo.JUnitDemo4]/[test-template:tests_for_sub2(int, int)]/[test-template-invocation:#12]"/>
    </testsuite>
  </testsuite>
</testrun>
